
/home/runner/work/exp-fluorescence-spectroscopy-principle-iiith/exp-fluorescence-spectroscopy-principle-iiith/experiment/simulation/libraries/bootstrap-3.3.7-dist/js/bootstrap.js
    17:3  warning  'jQuery' is not defined                                     no-undef
    77:3  warning  'jQuery' is not defined                                     no-undef
   172:3  warning  'jQuery' is not defined                                     no-undef
   298:3  warning  'jQuery' is not defined                                     no-undef
   536:3  warning  'jQuery' is not defined                                     no-undef
   667:7  warning  Unexpected newline between object and [ of property access  no-unexpected-multiline
   749:3  warning  'jQuery' is not defined                                     no-undef
   915:3  warning  'jQuery' is not defined                                     no-undef
  1255:3  warning  'jQuery' is not defined                                     no-undef
  1776:3  warning  'jQuery' is not defined                                     no-undef
  1885:3  warning  'jQuery' is not defined                                     no-undef
  2058:3  warning  'jQuery' is not defined                                     no-undef
  2214:3  warning  'jQuery' is not defined                                     no-undef
  2377:3  warning  'jQuery' is not defined                                     no-undef

/home/runner/work/exp-fluorescence-spectroscopy-principle-iiith/exp-fluorescence-spectroscopy-principle-iiith/experiment/simulation/libraries/bootstrap-3.3.7-dist/js/bootstrap.min.js
  6:319    warning  'jQuery' is not defined                 no-undef
  6:1071   warning  'jQuery' is not defined                 no-undef
  6:2016   warning  'jQuery' is not defined                 no-undef
  6:3965   warning  'jQuery' is not defined                 no-undef
  6:8001   warning  'jQuery' is not defined                 no-undef
  6:11369  warning  'jQuery' is not defined                 no-undef
  6:13732  warning  'jQuery' is not defined                 no-undef
  6:19734  warning  'jQuery' is not defined                 no-undef
  6:27338  warning  'a' is assigned a value but never used  no-unused-vars
  6:28677  warning  'jQuery' is not defined                 no-undef
  6:30264  warning  'jQuery' is not defined                 no-undef
  7:648    warning  'jQuery' is not defined                 no-undef
  7:2468   warning  'jQuery' is not defined                 no-undef
  7:4879   warning  'jQuery' is not defined                 no-undef

/home/runner/work/exp-fluorescence-spectroscopy-principle-iiith/exp-fluorescence-spectroscopy-principle-iiith/experiment/simulation/libraries/bootstrap-3.3.7-dist/js/npm.js
   2:1  warning  'require' is not defined  no-undef
   3:1  warning  'require' is not defined  no-undef
   4:1  warning  'require' is not defined  no-undef
   5:1  warning  'require' is not defined  no-undef
   6:1  warning  'require' is not defined  no-undef
   7:1  warning  'require' is not defined  no-undef
   8:1  warning  'require' is not defined  no-undef
   9:1  warning  'require' is not defined  no-undef
  10:1  warning  'require' is not defined  no-undef
  11:1  warning  'require' is not defined  no-undef
  12:1  warning  'require' is not defined  no-undef
  13:1  warning  'require' is not defined  no-undef

/home/runner/work/exp-fluorescence-spectroscopy-principle-iiith/exp-fluorescence-spectroscopy-principle-iiith/experiment/simulation/libraries/jQueryRotate.js
   20:5   warning  'jQuery' is not defined                                                    no-undef
   32:38  warning  'Wilq32' is not defined                                                    no-undef
   66:5   warning  'Wilq32' is not defined                                                    no-undef
   67:5   warning  'Wilq32' is not defined                                                    no-undef
   96:13  warning  'jQuery' is not defined                                                    no-undef
  102:5   warning  'Wilq32' is not defined                                                    no-undef
  149:52  warning  Do not access Object.prototype method 'hasOwnProperty' from target object  no-prototype-builtins
  151:15  warning  'jQuery' is not defined                                                    no-undef
  155:18  warning  'a' is already defined                                                     no-redeclare
  155:42  warning  Do not access Object.prototype method 'hasOwnProperty' from target object  no-prototype-builtins
  157:11  warning  'jQuery' is not defined                                                    no-undef
  163:13  warning  'IE' is not defined                                                        no-undef
  198:20  warning  Expected a conditional expression and instead saw an assignment            no-cond-assign
  232:20  warning  Expected a conditional expression and instead saw an assignment            no-cond-assign
  284:13  warning  'IE' is not defined                                                        no-undef
  322:11  warning  'IE' is not defined                                                        no-undef
  324:9   warning  'Wilq32' is not defined                                                    no-undef
  339:4   warning  'jQuery' is not defined                                                    no-undef

✖ 58 problems (0 errors, 58 warnings)

